{"E:\\Udacity\\React-Native\\mobile-flashcards\\actions\\index.js": {"path":"E:\\Udacity\\React-Native\\mobile-flashcards\\actions\\index.js","statementMap":{"0":{"start":{"line":3,"column":28},"end":{"line":3,"column":42}},"1":{"start":{"line":4,"column":24},"end":{"line":4,"column":34}},"2":{"start":{"line":5,"column":27},"end":{"line":5,"column":40}},"3":{"start":{"line":6,"column":30},"end":{"line":6,"column":46}},"4":{"start":{"line":7,"column":28},"end":{"line":7,"column":42}},"5":{"start":{"line":8,"column":31},"end":{"line":8,"column":48}},"6":{"start":{"line":9,"column":33},"end":{"line":9,"column":52}},"7":{"start":{"line":12,"column":1},"end":{"line":15,"column":2}},"8":{"start":{"line":19,"column":1},"end":{"line":22,"column":2}},"9":{"start":{"line":26,"column":1},"end":{"line":29,"column":2}},"10":{"start":{"line":33,"column":1},"end":{"line":37,"column":2}},"11":{"start":{"line":41,"column":1},"end":{"line":44,"column":2}},"12":{"start":{"line":48,"column":1},"end":{"line":52,"column":2}},"13":{"start":{"line":56,"column":1},"end":{"line":60,"column":2}},"14":{"start":{"line":58,"column":2},"end":{"line":58,"column":41}},"15":{"start":{"line":59,"column":2},"end":{"line":59,"column":42}},"16":{"start":{"line":64,"column":1},"end":{"line":68,"column":2}}},"fnMap":{"0":{"name":"receiveDecks","decl":{"start":{"line":11,"column":16},"end":{"line":11,"column":28}},"loc":{"start":{"line":11,"column":35},"end":{"line":16,"column":1}},"line":11},"1":{"name":"addDeck","decl":{"start":{"line":18,"column":16},"end":{"line":18,"column":23}},"loc":{"start":{"line":18,"column":30},"end":{"line":23,"column":1}},"line":18},"2":{"name":"deleteDeck","decl":{"start":{"line":25,"column":16},"end":{"line":25,"column":26}},"loc":{"start":{"line":25,"column":31},"end":{"line":30,"column":1}},"line":25},"3":{"name":"updateCounter","decl":{"start":{"line":32,"column":16},"end":{"line":32,"column":29}},"loc":{"start":{"line":32,"column":43},"end":{"line":38,"column":1}},"line":32},"4":{"name":"receiveQuestions","decl":{"start":{"line":40,"column":16},"end":{"line":40,"column":32}},"loc":{"start":{"line":40,"column":44},"end":{"line":45,"column":1}},"line":40},"5":{"name":"addQuestion","decl":{"start":{"line":47,"column":16},"end":{"line":47,"column":27}},"loc":{"start":{"line":47,"column":46},"end":{"line":53,"column":1}},"line":47},"6":{"name":"handleAddQuestion","decl":{"start":{"line":55,"column":16},"end":{"line":55,"column":33}},"loc":{"start":{"line":55,"column":61},"end":{"line":61,"column":1}},"line":55},"7":{"name":"(anonymous_7)","decl":{"start":{"line":56,"column":8},"end":{"line":56,"column":9}},"loc":{"start":{"line":56,"column":22},"end":{"line":60,"column":2}},"line":56},"8":{"name":"deleteQuestion","decl":{"start":{"line":63,"column":16},"end":{"line":63,"column":30}},"loc":{"start":{"line":63,"column":43},"end":{"line":69,"column":1}},"line":63}},"branchMap":{},"s":{"0":3,"1":3,"2":3,"3":3,"4":3,"5":3,"6":3,"7":1,"8":1,"9":1,"10":2,"11":1,"12":2,"13":1,"14":1,"15":1,"16":1},"f":{"0":1,"1":1,"2":1,"3":2,"4":1,"5":2,"6":1,"7":1,"8":1},"b":{},"_coverageSchema":"43e27e138ebf9cfc5966b082cf9a028302ed4184","hash":"628fbb29a3b2983c87df64fa6ca62b5d7381701f"}
,"E:\\Udacity\\React-Native\\mobile-flashcards\\reducers\\decks.js": {"path":"E:\\Udacity\\React-Native\\mobile-flashcards\\reducers\\decks.js","statementMap":{"0":{"start":{"line":4,"column":1},"end":{"line":32,"column":2}},"1":{"start":{"line":6,"column":3},"end":{"line":9,"column":4}},"2":{"start":{"line":12,"column":3},"end":{"line":15,"column":4}},"3":{"start":{"line":18,"column":28},"end":{"line":18,"column":52}},"4":{"start":{"line":19,"column":3},"end":{"line":19,"column":37}},"5":{"start":{"line":20,"column":3},"end":{"line":20,"column":26}},"6":{"start":{"line":23,"column":3},"end":{"line":29,"column":4}},"7":{"start":{"line":31,"column":3},"end":{"line":31,"column":15}}},"fnMap":{"0":{"name":"decks","decl":{"start":{"line":3,"column":9},"end":{"line":3,"column":14}},"loc":{"start":{"line":3,"column":35},"end":{"line":33,"column":1}},"line":3}},"branchMap":{"0":{"loc":{"start":{"line":3,"column":15},"end":{"line":3,"column":25}},"type":"default-arg","locations":[{"start":{"line":3,"column":23},"end":{"line":3,"column":25}}],"line":3},"1":{"loc":{"start":{"line":4,"column":1},"end":{"line":32,"column":2}},"type":"switch","locations":[{"start":{"line":5,"column":2},"end":{"line":9,"column":4}},{"start":{"line":11,"column":2},"end":{"line":15,"column":4}},{"start":{"line":17,"column":2},"end":{"line":20,"column":26}},{"start":{"line":22,"column":2},"end":{"line":29,"column":4}},{"start":{"line":30,"column":2},"end":{"line":31,"column":15}}],"line":4}},"s":{"0":7,"1":2,"2":2,"3":1,"4":1,"5":1,"6":1,"7":1},"f":{"0":7},"b":{"0":[3],"1":[2,2,1,1,1]},"_coverageSchema":"43e27e138ebf9cfc5966b082cf9a028302ed4184","hash":"2024feef1bc7e2f3e23a9232e0f0792ec077e620"}
,"E:\\Udacity\\React-Native\\mobile-flashcards\\reducers\\questions.js": {"path":"E:\\Udacity\\React-Native\\mobile-flashcards\\reducers\\questions.js","statementMap":{"0":{"start":{"line":4,"column":1},"end":{"line":27,"column":2}},"1":{"start":{"line":7,"column":3},"end":{"line":9,"column":4}},"2":{"start":{"line":12,"column":3},"end":{"line":18,"column":4}},"3":{"start":{"line":21,"column":28},"end":{"line":21,"column":52}},"4":{"start":{"line":22,"column":3},"end":{"line":22,"column":37}},"5":{"start":{"line":23,"column":3},"end":{"line":23,"column":26}},"6":{"start":{"line":26,"column":3},"end":{"line":26,"column":15}}},"fnMap":{"0":{"name":"questions","decl":{"start":{"line":3,"column":9},"end":{"line":3,"column":18}},"loc":{"start":{"line":3,"column":39},"end":{"line":28,"column":1}},"line":3}},"branchMap":{"0":{"loc":{"start":{"line":3,"column":19},"end":{"line":3,"column":29}},"type":"default-arg","locations":[{"start":{"line":3,"column":27},"end":{"line":3,"column":29}}],"line":3},"1":{"loc":{"start":{"line":4,"column":1},"end":{"line":27,"column":2}},"type":"switch","locations":[{"start":{"line":6,"column":2},"end":{"line":9,"column":4}},{"start":{"line":11,"column":2},"end":{"line":18,"column":4}},{"start":{"line":20,"column":2},"end":{"line":23,"column":26}},{"start":{"line":25,"column":2},"end":{"line":26,"column":15}}],"line":4}},"s":{"0":5,"1":1,"2":2,"3":1,"4":1,"5":1,"6":1},"f":{"0":5},"b":{"0":[3],"1":[1,2,1,1]},"_coverageSchema":"43e27e138ebf9cfc5966b082cf9a028302ed4184","hash":"00f0a2742f2876eb6f158e3a674bfaad176cc722"}
,"E:\\Udacity\\React-Native\\mobile-flashcards\\utils\\api.js": {"path":"E:\\Udacity\\React-Native\\mobile-flashcards\\utils\\api.js","statementMap":{"0":{"start":{"line":3,"column":20},"end":{"line":3,"column":48}},"1":{"start":{"line":6,"column":1},"end":{"line":7,"column":31}},"2":{"start":{"line":7,"column":15},"end":{"line":7,"column":30}},"3":{"start":{"line":11,"column":1},"end":{"line":13,"column":3}},"4":{"start":{"line":17,"column":1},"end":{"line":31,"column":4}},"5":{"start":{"line":18,"column":17},"end":{"line":18,"column":32}},"6":{"start":{"line":20,"column":3},"end":{"line":23,"column":4}},"7":{"start":{"line":24,"column":3},"end":{"line":24,"column":28}},"8":{"start":{"line":25,"column":3},"end":{"line":28,"column":4}},"9":{"start":{"line":29,"column":3},"end":{"line":29,"column":32}},"10":{"start":{"line":30,"column":3},"end":{"line":30,"column":65}},"11":{"start":{"line":35,"column":1},"end":{"line":42,"column":4}}},"fnMap":{"0":{"name":"getData","decl":{"start":{"line":5,"column":16},"end":{"line":5,"column":23}},"loc":{"start":{"line":5,"column":26},"end":{"line":8,"column":1}},"line":5},"1":{"name":"(anonymous_1)","decl":{"start":{"line":7,"column":8},"end":{"line":7,"column":9}},"loc":{"start":{"line":7,"column":15},"end":{"line":7,"column":30}},"line":7},"2":{"name":"createDeck","decl":{"start":{"line":10,"column":16},"end":{"line":10,"column":26}},"loc":{"start":{"line":10,"column":33},"end":{"line":14,"column":1}},"line":10},"3":{"name":"removeDeck","decl":{"start":{"line":16,"column":16},"end":{"line":16,"column":26}},"loc":{"start":{"line":16,"column":35},"end":{"line":32,"column":1}},"line":16},"4":{"name":"(anonymous_4)","decl":{"start":{"line":18,"column":8},"end":{"line":18,"column":9}},"loc":{"start":{"line":18,"column":17},"end":{"line":18,"column":32}},"line":18},"5":{"name":"(anonymous_5)","decl":{"start":{"line":19,"column":8},"end":{"line":19,"column":9}},"loc":{"start":{"line":19,"column":18},"end":{"line":31,"column":3}},"line":19},"6":{"name":"submitQuestion","decl":{"start":{"line":34,"column":16},"end":{"line":34,"column":30}},"loc":{"start":{"line":34,"column":58},"end":{"line":43,"column":1}},"line":34}},"branchMap":{},"s":{"0":4,"1":4,"2":4,"3":4,"4":1,"5":1,"6":1,"7":1,"8":1,"9":1,"10":1,"11":1},"f":{"0":4,"1":4,"2":4,"3":1,"4":1,"5":1,"6":1},"b":{},"_coverageSchema":"43e27e138ebf9cfc5966b082cf9a028302ed4184","hash":"383aacecb22e9ecdab0c769edcac714a1cfccf17"}
}
