TN:
SF:E:\Udacity\React-Native\mobile-flashcards\actions\index.js
FN:11,receiveDecks
FN:18,addDeck
FN:25,deleteDeck
FN:32,updateCounter
FN:40,receiveQuestions
FN:47,addQuestion
FN:55,handleAddQuestion
FN:56,(anonymous_7)
FN:63,deleteQuestion
FNF:9
FNH:9
FNDA:1,receiveDecks
FNDA:1,addDeck
FNDA:1,deleteDeck
FNDA:2,updateCounter
FNDA:1,receiveQuestions
FNDA:2,addQuestion
FNDA:1,handleAddQuestion
FNDA:1,(anonymous_7)
FNDA:1,deleteQuestion
DA:3,3
DA:4,3
DA:5,3
DA:6,3
DA:7,3
DA:8,3
DA:9,3
DA:12,1
DA:19,1
DA:26,1
DA:33,2
DA:41,1
DA:48,2
DA:56,1
DA:58,1
DA:59,1
DA:64,1
LF:17
LH:17
BRF:0
BRH:0
end_of_record
TN:
SF:E:\Udacity\React-Native\mobile-flashcards\reducers\decks.js
FN:3,decks
FNF:1
FNH:1
FNDA:7,decks
DA:4,7
DA:6,2
DA:12,2
DA:18,1
DA:19,1
DA:20,1
DA:23,1
DA:31,1
LF:8
LH:8
BRDA:3,0,0,3
BRDA:4,1,0,2
BRDA:4,1,1,2
BRDA:4,1,2,1
BRDA:4,1,3,1
BRDA:4,1,4,1
BRF:6
BRH:6
end_of_record
TN:
SF:E:\Udacity\React-Native\mobile-flashcards\reducers\questions.js
FN:3,questions
FNF:1
FNH:1
FNDA:5,questions
DA:4,5
DA:7,1
DA:12,2
DA:21,1
DA:22,1
DA:23,1
DA:26,1
LF:7
LH:7
BRDA:3,0,0,3
BRDA:4,1,0,1
BRDA:4,1,1,2
BRDA:4,1,2,1
BRDA:4,1,3,1
BRF:5
BRH:5
end_of_record
TN:
SF:E:\Udacity\React-Native\mobile-flashcards\utils\api.js
FN:5,getData
FN:7,(anonymous_1)
FN:10,createDeck
FN:16,removeDeck
FN:18,(anonymous_4)
FN:19,(anonymous_5)
FN:34,submitQuestion
FNF:7
FNH:7
FNDA:4,getData
FNDA:4,(anonymous_1)
FNDA:4,createDeck
FNDA:1,removeDeck
FNDA:1,(anonymous_4)
FNDA:1,(anonymous_5)
FNDA:1,submitQuestion
DA:3,4
DA:6,4
DA:7,4
DA:11,4
DA:17,1
DA:18,1
DA:20,1
DA:24,1
DA:25,1
DA:29,1
DA:30,1
DA:35,1
LF:12
LH:12
BRF:0
BRH:0
end_of_record
